Analysis & Synthesis report for alu
Fri Oct 01 00:35:23 2021
Quartus Prime Version 20.1.1 Build 720 11/11/2020 SJ Lite Edition


---------------------
; Table of Contents ;
---------------------
  1. Legal Notice
  2. Analysis & Synthesis Summary
  3. Analysis & Synthesis Settings
  4. Parallel Compilation
  5. Analysis & Synthesis Source Files Read
  6. Analysis & Synthesis Resource Usage Summary
  7. Analysis & Synthesis Resource Utilization by Entity
  8. User-Specified and Inferred Latches
  9. General Register Statistics
 10. Multiplexer Restructuring Statistics (Restructuring Performed)
 11. Port Connectivity Checks: "modulo:x7|adder_4_bits:x0"
 12. Port Connectivity Checks: "mima:x3|maiorque:x|mais:x4"
 13. Port Connectivity Checks: "subtrai:x1|adder_4_bits:x1"
 14. Port Connectivity Checks: "subtrai:x1|adder_4_bits:xo"
 15. Port Connectivity Checks: "subtrai:x1"
 16. Port Connectivity Checks: "adder_4_bits:x0"
 17. Post-Synthesis Netlist Statistics for Top Partition
 18. Elapsed Time Per Partition
 19. Analysis & Synthesis Messages



----------------
; Legal Notice ;
----------------
Copyright (C) 2020  Intel Corporation. All rights reserved.
Your use of Intel Corporation's design tools, logic functions 
and other software and tools, and any partner logic 
functions, and any output files from any of the foregoing 
(including device programming or simulation files), and any 
associated documentation or information are expressly subject 
to the terms and conditions of the Intel Program License 
Subscription Agreement, the Intel Quartus Prime License Agreement,
the Intel FPGA IP License Agreement, or other applicable license
agreement, including, without limitation, that your use is for
the sole purpose of programming logic devices manufactured by
Intel and sold by Intel or its authorized distributors.  Please
refer to the applicable agreement for further details, at
https://fpgasoftware.intel.com/eula.



+-------------------------------------------------------------------------------+
; Analysis & Synthesis Summary                                                  ;
+---------------------------------+---------------------------------------------+
; Analysis & Synthesis Status     ; Successful - Fri Oct 01 00:35:23 2021       ;
; Quartus Prime Version           ; 20.1.1 Build 720 11/11/2020 SJ Lite Edition ;
; Revision Name                   ; alu                                         ;
; Top-level Entity Name           ; alu                                         ;
; Family                          ; Cyclone V                                   ;
; Logic utilization (in ALMs)     ; N/A                                         ;
; Total registers                 ; 0                                           ;
; Total pins                      ; 30                                          ;
; Total virtual pins              ; 0                                           ;
; Total block memory bits         ; 0                                           ;
; Total DSP Blocks                ; 0                                           ;
; Total HSSI RX PCSs              ; 0                                           ;
; Total HSSI PMA RX Deserializers ; 0                                           ;
; Total HSSI TX PCSs              ; 0                                           ;
; Total HSSI PMA TX Serializers   ; 0                                           ;
; Total PLLs                      ; 0                                           ;
; Total DLLs                      ; 0                                           ;
+---------------------------------+---------------------------------------------+


+---------------------------------------------------------------------------------------------------------------------------+
; Analysis & Synthesis Settings                                                                                             ;
+---------------------------------------------------------------------------------+--------------------+--------------------+
; Option                                                                          ; Setting            ; Default Value      ;
+---------------------------------------------------------------------------------+--------------------+--------------------+
; Device                                                                          ; 5CGXFC7C7F23C8     ;                    ;
; Top-level entity name                                                           ; alu                ; alu                ;
; Family name                                                                     ; Cyclone V          ; Cyclone V          ;
; Use smart compilation                                                           ; Off                ; Off                ;
; Enable parallel Assembler and Timing Analyzer during compilation                ; On                 ; On                 ;
; Enable compact report table                                                     ; Off                ; Off                ;
; Restructure Multiplexers                                                        ; Auto               ; Auto               ;
; MLAB Add Timing Constraints For Mixed-Port Feed-Through Mode Setting Don't Care ; Off                ; Off                ;
; Create Debugging Nodes for IP Cores                                             ; Off                ; Off                ;
; Preserve fewer node names                                                       ; On                 ; On                 ;
; Intel FPGA IP Evaluation Mode                                                   ; Enable             ; Enable             ;
; Verilog Version                                                                 ; Verilog_2001       ; Verilog_2001       ;
; VHDL Version                                                                    ; VHDL_1993          ; VHDL_1993          ;
; State Machine Processing                                                        ; Auto               ; Auto               ;
; Safe State Machine                                                              ; Off                ; Off                ;
; Extract Verilog State Machines                                                  ; On                 ; On                 ;
; Extract VHDL State Machines                                                     ; On                 ; On                 ;
; Ignore Verilog initial constructs                                               ; Off                ; Off                ;
; Iteration limit for constant Verilog loops                                      ; 5000               ; 5000               ;
; Iteration limit for non-constant Verilog loops                                  ; 250                ; 250                ;
; Add Pass-Through Logic to Inferred RAMs                                         ; On                 ; On                 ;
; Infer RAMs from Raw Logic                                                       ; On                 ; On                 ;
; Parallel Synthesis                                                              ; On                 ; On                 ;
; DSP Block Balancing                                                             ; Auto               ; Auto               ;
; NOT Gate Push-Back                                                              ; On                 ; On                 ;
; Power-Up Don't Care                                                             ; On                 ; On                 ;
; Remove Redundant Logic Cells                                                    ; Off                ; Off                ;
; Remove Duplicate Registers                                                      ; On                 ; On                 ;
; Ignore CARRY Buffers                                                            ; Off                ; Off                ;
; Ignore CASCADE Buffers                                                          ; Off                ; Off                ;
; Ignore GLOBAL Buffers                                                           ; Off                ; Off                ;
; Ignore ROW GLOBAL Buffers                                                       ; Off                ; Off                ;
; Ignore LCELL Buffers                                                            ; Off                ; Off                ;
; Ignore SOFT Buffers                                                             ; On                 ; On                 ;
; Limit AHDL Integers to 32 Bits                                                  ; Off                ; Off                ;
; Optimization Technique                                                          ; Balanced           ; Balanced           ;
; Carry Chain Length                                                              ; 70                 ; 70                 ;
; Auto Carry Chains                                                               ; On                 ; On                 ;
; Auto Open-Drain Pins                                                            ; On                 ; On                 ;
; Perform WYSIWYG Primitive Resynthesis                                           ; Off                ; Off                ;
; Auto ROM Replacement                                                            ; On                 ; On                 ;
; Auto RAM Replacement                                                            ; On                 ; On                 ;
; Auto DSP Block Replacement                                                      ; On                 ; On                 ;
; Auto Shift Register Replacement                                                 ; Auto               ; Auto               ;
; Allow Shift Register Merging across Hierarchies                                 ; Auto               ; Auto               ;
; Auto Clock Enable Replacement                                                   ; On                 ; On                 ;
; Strict RAM Replacement                                                          ; Off                ; Off                ;
; Allow Synchronous Control Signals                                               ; On                 ; On                 ;
; Force Use of Synchronous Clear Signals                                          ; Off                ; Off                ;
; Auto Resource Sharing                                                           ; Off                ; Off                ;
; Allow Any RAM Size For Recognition                                              ; Off                ; Off                ;
; Allow Any ROM Size For Recognition                                              ; Off                ; Off                ;
; Allow Any Shift Register Size For Recognition                                   ; Off                ; Off                ;
; Use LogicLock Constraints during Resource Balancing                             ; On                 ; On                 ;
; Ignore translate_off and synthesis_off directives                               ; Off                ; Off                ;
; Timing-Driven Synthesis                                                         ; On                 ; On                 ;
; Report Parameter Settings                                                       ; On                 ; On                 ;
; Report Source Assignments                                                       ; On                 ; On                 ;
; Report Connectivity Checks                                                      ; On                 ; On                 ;
; Ignore Maximum Fan-Out Assignments                                              ; Off                ; Off                ;
; Synchronization Register Chain Length                                           ; 3                  ; 3                  ;
; Power Optimization During Synthesis                                             ; Normal compilation ; Normal compilation ;
; HDL message level                                                               ; Level2             ; Level2             ;
; Suppress Register Optimization Related Messages                                 ; Off                ; Off                ;
; Number of Removed Registers Reported in Synthesis Report                        ; 5000               ; 5000               ;
; Number of Swept Nodes Reported in Synthesis Report                              ; 5000               ; 5000               ;
; Number of Inverted Registers Reported in Synthesis Report                       ; 100                ; 100                ;
; Clock MUX Protection                                                            ; On                 ; On                 ;
; Auto Gated Clock Conversion                                                     ; Off                ; Off                ;
; Block Design Naming                                                             ; Auto               ; Auto               ;
; SDC constraint protection                                                       ; Off                ; Off                ;
; Synthesis Effort                                                                ; Auto               ; Auto               ;
; Shift Register Replacement - Allow Asynchronous Clear Signal                    ; On                 ; On                 ;
; Pre-Mapping Resynthesis Optimization                                            ; Off                ; Off                ;
; Analysis & Synthesis Message Level                                              ; Medium             ; Medium             ;
; Disable Register Merging Across Hierarchies                                     ; Auto               ; Auto               ;
; Resource Aware Inference For Block RAM                                          ; On                 ; On                 ;
; Automatic Parallel Synthesis                                                    ; On                 ; On                 ;
; Partial Reconfiguration Bitstream ID                                            ; Off                ; Off                ;
+---------------------------------------------------------------------------------+--------------------+--------------------+


+------------------------------------------+
; Parallel Compilation                     ;
+----------------------------+-------------+
; Processors                 ; Number      ;
+----------------------------+-------------+
; Number detected on machine ; 8           ;
; Maximum allowed            ; 4           ;
;                            ;             ;
; Average used               ; 1.00        ;
; Maximum used               ; 1           ;
;                            ;             ;
; Usage by Processor         ; % Time Used ;
;     Processor 1            ; 100.0%      ;
+----------------------------+-------------+


+----------------------------------------------------------------------------------------------------------------------------------------------------+
; Analysis & Synthesis Source Files Read                                                                                                             ;
+----------------------------------+-----------------+-----------------+-------------------------------------------------------------------+---------+
; File Name with User-Entered Path ; Used in Netlist ; File Type       ; File Name with Absolute Path                                      ; Library ;
+----------------------------------+-----------------+-----------------+-------------------------------------------------------------------+---------+
; som_1a.vhd                       ; yes             ; User VHDL File  ; C:/Users/Mateus Batista/Desktop/FPGA006_WR_Files/som_1a.vhd       ;         ;
; adder_4_bits.vhd                 ; yes             ; User VHDL File  ; C:/Users/Mateus Batista/Desktop/FPGA006_WR_Files/adder_4_bits.vhd ;         ;
; alu.vhd                          ; yes             ; User VHDL File  ; C:/Users/Mateus Batista/Desktop/FPGA006_WR_Files/alu.vhd          ;         ;
; modulo.vhd                       ; yes             ; User VHDL File  ; C:/Users/Mateus Batista/Desktop/FPGA006_WR_Files/modulo.vhd       ;         ;
; mais.vhd                         ; yes             ; User VHDL File  ; C:/Users/Mateus Batista/Desktop/FPGA006_WR_Files/mais.vhd         ;         ;
; menos.vhd                        ; yes             ; User VHDL File  ; C:/Users/Mateus Batista/Desktop/FPGA006_WR_Files/menos.vhd        ;         ;
; maiorque.vhd                     ; yes             ; User VHDL File  ; C:/Users/Mateus Batista/Desktop/FPGA006_WR_Files/maiorque.vhd     ;         ;
; mima.vhd                         ; yes             ; User VHDL File  ; C:/Users/Mateus Batista/Desktop/FPGA006_WR_Files/mima.vhd         ;         ;
; produto.vhd                      ; yes             ; User VHDL File  ; C:/Users/Mateus Batista/Desktop/FPGA006_WR_Files/produto.vhd      ;         ;
; subtrai.vhd                      ; yes             ; User VHDL File  ; C:/Users/Mateus Batista/Desktop/FPGA006_WR_Files/subtrai.vhd      ;         ;
+----------------------------------+-----------------+-----------------+-------------------------------------------------------------------+---------+


+----------------------------------------------------------+
; Analysis & Synthesis Resource Usage Summary              ;
+---------------------------------------------+------------+
; Resource                                    ; Usage      ;
+---------------------------------------------+------------+
; Estimate of Logic utilization (ALMs needed) ; 35         ;
;                                             ;            ;
; Combinational ALUT usage for logic          ; 54         ;
;     -- 7 input functions                    ; 3          ;
;     -- 6 input functions                    ; 13         ;
;     -- 5 input functions                    ; 17         ;
;     -- 4 input functions                    ; 8          ;
;     -- <=3 input functions                  ; 13         ;
;                                             ;            ;
; Dedicated logic registers                   ; 0          ;
;                                             ;            ;
; I/O pins                                    ; 30         ;
;                                             ;            ;
; Total DSP Blocks                            ; 0          ;
;                                             ;            ;
; Maximum fan-out node                        ; A[1]~input ;
; Maximum fan-out                             ; 17         ;
; Total fan-out                               ; 295        ;
; Average fan-out                             ; 2.59       ;
+---------------------------------------------+------------+


+---------------------------------------------------------------------------------------------------------------------------------------------------------------------------------------------------------------+
; Analysis & Synthesis Resource Utilization by Entity                                                                                                                                                           ;
+----------------------------+---------------------+---------------------------+-------------------+------------+------+--------------+-------------------------------------------+--------------+--------------+
; Compilation Hierarchy Node ; Combinational ALUTs ; Dedicated Logic Registers ; Block Memory Bits ; DSP Blocks ; Pins ; Virtual Pins ; Full Hierarchy Name                       ; Entity Name  ; Library Name ;
+----------------------------+---------------------+---------------------------+-------------------+------------+------+--------------+-------------------------------------------+--------------+--------------+
; |alu                       ; 54 (28)             ; 0 (0)                     ; 0                 ; 0          ; 30   ; 0            ; |alu                                      ; alu          ; work         ;
;    |adder_4_bits:x0|       ; 3 (0)               ; 0 (0)                     ; 0                 ; 0          ; 0    ; 0            ; |alu|adder_4_bits:x0                      ; adder_4_bits ; work         ;
;       |som_1a:x1|          ; 1 (1)               ; 0 (0)                     ; 0                 ; 0          ; 0    ; 0            ; |alu|adder_4_bits:x0|som_1a:x1            ; som_1a       ; work         ;
;       |som_1a:x2|          ; 1 (1)               ; 0 (0)                     ; 0                 ; 0          ; 0    ; 0            ; |alu|adder_4_bits:x0|som_1a:x2            ; som_1a       ; work         ;
;       |som_1a:x4|          ; 1 (1)               ; 0 (0)                     ; 0                 ; 0          ; 0    ; 0            ; |alu|adder_4_bits:x0|som_1a:x4            ; som_1a       ; work         ;
;    |mima:x3|               ; 8 (4)               ; 0 (0)                     ; 0                 ; 0          ; 0    ; 0            ; |alu|mima:x3                              ; mima         ; work         ;
;       |maiorque:x|         ; 4 (0)               ; 0 (0)                     ; 0                 ; 0          ; 0    ; 0            ; |alu|mima:x3|maiorque:x                   ; maiorque     ; work         ;
;          |mais:x4|         ; 4 (4)               ; 0 (0)                     ; 0                 ; 0          ; 0    ; 0            ; |alu|mima:x3|maiorque:x|mais:x4           ; mais         ; work         ;
;    |modulo:x7|             ; 1 (1)               ; 0 (0)                     ; 0                 ; 0          ; 0    ; 0            ; |alu|modulo:x7                            ; modulo       ; work         ;
;    |produto:x8|            ; 9 (9)               ; 0 (0)                     ; 0                 ; 0          ; 0    ; 0            ; |alu|produto:x8                           ; produto      ; work         ;
;    |subtrai:x1|            ; 5 (0)               ; 0 (0)                     ; 0                 ; 0          ; 0    ; 0            ; |alu|subtrai:x1                           ; subtrai      ; work         ;
;       |adder_4_bits:x1|    ; 4 (0)               ; 0 (0)                     ; 0                 ; 0          ; 0    ; 0            ; |alu|subtrai:x1|adder_4_bits:x1           ; adder_4_bits ; work         ;
;          |som_1a:x1|       ; 1 (1)               ; 0 (0)                     ; 0                 ; 0          ; 0    ; 0            ; |alu|subtrai:x1|adder_4_bits:x1|som_1a:x1 ; som_1a       ; work         ;
;          |som_1a:x2|       ; 2 (2)               ; 0 (0)                     ; 0                 ; 0          ; 0    ; 0            ; |alu|subtrai:x1|adder_4_bits:x1|som_1a:x2 ; som_1a       ; work         ;
;          |som_1a:x4|       ; 1 (1)               ; 0 (0)                     ; 0                 ; 0          ; 0    ; 0            ; |alu|subtrai:x1|adder_4_bits:x1|som_1a:x4 ; som_1a       ; work         ;
;       |adder_4_bits:xo|    ; 1 (0)               ; 0 (0)                     ; 0                 ; 0          ; 0    ; 0            ; |alu|subtrai:x1|adder_4_bits:xo           ; adder_4_bits ; work         ;
;          |som_1a:x2|       ; 1 (1)               ; 0 (0)                     ; 0                 ; 0          ; 0    ; 0            ; |alu|subtrai:x1|adder_4_bits:xo|som_1a:x2 ; som_1a       ; work         ;
+----------------------------+---------------------+---------------------------+-------------------+------------+------+--------------+-------------------------------------------+--------------+--------------+
Note: For table entries with two numbers listed, the numbers in parentheses indicate the number of resources of the given type used by the specific entity alone. The numbers listed outside of parentheses indicate the total resources of the given type used by the specific entity and all of its sub-entities in the hierarchy.


+---------------------------------------------------------------------------------------------------+
; User-Specified and Inferred Latches                                                               ;
+----------------------------------------------------+---------------------+------------------------+
; Latch Name                                         ; Latch Enable Signal ; Free of Timing Hazards ;
+----------------------------------------------------+---------------------+------------------------+
; produto:x8|s[3]                                    ; GND                 ; yes                    ;
; produto:x8|s[2]                                    ; GND                 ; yes                    ;
; produto:x8|s[0]                                    ; GND                 ; yes                    ;
; Number of user-specified and inferred latches = 3  ;                     ;                        ;
+----------------------------------------------------+---------------------+------------------------+
Note: All latches listed above may not be present at the end of synthesis due to various synthesis optimizations.


+------------------------------------------------------+
; General Register Statistics                          ;
+----------------------------------------------+-------+
; Statistic                                    ; Value ;
+----------------------------------------------+-------+
; Total registers                              ; 0     ;
; Number of registers using Synchronous Clear  ; 0     ;
; Number of registers using Synchronous Load   ; 0     ;
; Number of registers using Asynchronous Clear ; 0     ;
; Number of registers using Asynchronous Load  ; 0     ;
; Number of registers using Clock Enable       ; 0     ;
; Number of registers using Preset             ; 0     ;
+----------------------------------------------+-------+


+------------------------------------------------------------------------------------------------------------------------------------------+
; Multiplexer Restructuring Statistics (Restructuring Performed)                                                                           ;
+--------------------+-----------+---------------+----------------------+------------------------+------------+----------------------------+
; Multiplexer Inputs ; Bus Width ; Baseline Area ; Area if Restructured ; Saving if Restructured ; Registered ; Example Multiplexer Output ;
+--------------------+-----------+---------------+----------------------+------------------------+------------+----------------------------+
; 6:1                ; 3 bits    ; 12 LEs        ; 12 LEs               ; 0 LEs                  ; No         ; |alu|produto:x8|s[3]       ;
; 9:1                ; 2 bits    ; 12 LEs        ; 8 LEs                ; 4 LEs                  ; No         ; |alu|Mux18                 ;
+--------------------+-----------+---------------+----------------------+------------------------+------------+----------------------------+


+-------------------------------------------------------------------------------------------------------------------+
; Port Connectivity Checks: "modulo:x7|adder_4_bits:x0"                                                             ;
+---------+--------+----------+-------------------------------------------------------------------------------------+
; Port    ; Type   ; Severity ; Details                                                                             ;
+---------+--------+----------+-------------------------------------------------------------------------------------+
; y[4..1] ; Input  ; Info     ; Stuck at GND                                                                        ;
; y[0]    ; Input  ; Info     ; Stuck at VCC                                                                        ;
; ze      ; Input  ; Info     ; Stuck at GND                                                                        ;
; zs      ; Output ; Info     ; Connected to dangling logic. Logic that only feeds a dangling port will be removed. ;
; buff    ; Output ; Info     ; Connected to dangling logic. Logic that only feeds a dangling port will be removed. ;
+---------+--------+----------+-------------------------------------------------------------------------------------+


+----------------------------------------------------------------------------------------------------------------+
; Port Connectivity Checks: "mima:x3|maiorque:x|mais:x4"                                                         ;
+------+--------+----------+-------------------------------------------------------------------------------------+
; Port ; Type   ; Severity ; Details                                                                             ;
+------+--------+----------+-------------------------------------------------------------------------------------+
; oeq  ; Output ; Info     ; Connected to dangling logic. Logic that only feeds a dangling port will be removed. ;
; olt  ; Output ; Info     ; Connected to dangling logic. Logic that only feeds a dangling port will be removed. ;
+------+--------+----------+-------------------------------------------------------------------------------------+


+----------------------------------------------------------------------------------------------------------------+
; Port Connectivity Checks: "subtrai:x1|adder_4_bits:x1"                                                         ;
+------+--------+----------+-------------------------------------------------------------------------------------+
; Port ; Type   ; Severity ; Details                                                                             ;
+------+--------+----------+-------------------------------------------------------------------------------------+
; ze   ; Input  ; Info     ; Stuck at GND                                                                        ;
; zs   ; Output ; Info     ; Connected to dangling logic. Logic that only feeds a dangling port will be removed. ;
+------+--------+----------+-------------------------------------------------------------------------------------+


+-------------------------------------------------------------------------------------------------------------------+
; Port Connectivity Checks: "subtrai:x1|adder_4_bits:xo"                                                            ;
+---------+--------+----------+-------------------------------------------------------------------------------------+
; Port    ; Type   ; Severity ; Details                                                                             ;
+---------+--------+----------+-------------------------------------------------------------------------------------+
; x[4..1] ; Input  ; Info     ; Stuck at GND                                                                        ;
; x[0]    ; Input  ; Info     ; Stuck at VCC                                                                        ;
; ze      ; Input  ; Info     ; Stuck at GND                                                                        ;
; zs      ; Output ; Info     ; Connected to dangling logic. Logic that only feeds a dangling port will be removed. ;
; buff    ; Output ; Info     ; Connected to dangling logic. Logic that only feeds a dangling port will be removed. ;
+---------+--------+----------+-------------------------------------------------------------------------------------+


+----------------------------------------------------------------------------------------------------------------+
; Port Connectivity Checks: "subtrai:x1"                                                                         ;
+------+--------+----------+-------------------------------------------------------------------------------------+
; Port ; Type   ; Severity ; Details                                                                             ;
+------+--------+----------+-------------------------------------------------------------------------------------+
; over ; Output ; Info     ; Connected to dangling logic. Logic that only feeds a dangling port will be removed. ;
+------+--------+----------+-------------------------------------------------------------------------------------+


+----------------------------------------------------------------------------------------------------------------+
; Port Connectivity Checks: "adder_4_bits:x0"                                                                    ;
+------+--------+----------+-------------------------------------------------------------------------------------+
; Port ; Type   ; Severity ; Details                                                                             ;
+------+--------+----------+-------------------------------------------------------------------------------------+
; ze   ; Input  ; Info     ; Stuck at GND                                                                        ;
; zs   ; Output ; Info     ; Connected to dangling logic. Logic that only feeds a dangling port will be removed. ;
+------+--------+----------+-------------------------------------------------------------------------------------+


+-----------------------------------------------------+
; Post-Synthesis Netlist Statistics for Top Partition ;
+-----------------------+-----------------------------+
; Type                  ; Count                       ;
+-----------------------+-----------------------------+
; arriav_io_obuf        ; 2                           ;
; arriav_lcell_comb     ; 57                          ;
;     extend            ; 3                           ;
;         7 data inputs ; 3                           ;
;     normal            ; 54                          ;
;         0 data inputs ; 2                           ;
;         1 data inputs ; 1                           ;
;         2 data inputs ; 6                           ;
;         3 data inputs ; 7                           ;
;         4 data inputs ; 8                           ;
;         5 data inputs ; 17                          ;
;         6 data inputs ; 13                          ;
; boundary_port         ; 30                          ;
;                       ;                             ;
; Max LUT depth         ; 7.00                        ;
; Average LUT depth     ; 5.03                        ;
+-----------------------+-----------------------------+


+-------------------------------+
; Elapsed Time Per Partition    ;
+----------------+--------------+
; Partition Name ; Elapsed Time ;
+----------------+--------------+
; Top            ; 00:00:00     ;
+----------------+--------------+


+-------------------------------+
; Analysis & Synthesis Messages ;
+-------------------------------+
Info: *******************************************************************
Info: Running Quartus Prime Analysis & Synthesis
    Info: Version 20.1.1 Build 720 11/11/2020 SJ Lite Edition
    Info: Processing started: Fri Oct 01 00:35:13 2021
Info: Command: quartus_map --read_settings_files=on --write_settings_files=off alu -c alu
Warning (18236): Number of processors has not been specified which may cause overloading on shared machines.  Set the global assignment NUM_PARALLEL_PROCESSORS in your QSF to an appropriate value for best performance.
Info (20030): Parallel compilation is enabled and will use 4 of the 4 processors detected
Info (12021): Found 2 design units, including 1 entities, in source file testbench_ula.vhd
    Info (12022): Found design unit 1: testbench_ula-tb_arch_ula File: C:/Users/Mateus Batista/Desktop/FPGA006_WR_Files/testbench_ula.vhd Line: 10
    Info (12023): Found entity 1: testbench_ula File: C:/Users/Mateus Batista/Desktop/FPGA006_WR_Files/testbench_ula.vhd Line: 4
Info (12021): Found 2 design units, including 1 entities, in source file som_1a.vhd
    Info (12022): Found design unit 1: som_1a-somador File: C:/Users/Mateus Batista/Desktop/FPGA006_WR_Files/som_1a.vhd Line: 8
    Info (12023): Found entity 1: som_1a File: C:/Users/Mateus Batista/Desktop/FPGA006_WR_Files/som_1a.vhd Line: 3
Info (12021): Found 2 design units, including 1 entities, in source file adder_4_bits.vhd
    Info (12022): Found design unit 1: adder_4_bits-hardware File: C:/Users/Mateus Batista/Desktop/FPGA006_WR_Files/adder_4_bits.vhd Line: 13
    Info (12023): Found entity 1: adder_4_bits File: C:/Users/Mateus Batista/Desktop/FPGA006_WR_Files/adder_4_bits.vhd Line: 5
Info (12021): Found 2 design units, including 1 entities, in source file alu.vhd
    Info (12022): Found design unit 1: alu-hardware File: C:/Users/Mateus Batista/Desktop/FPGA006_WR_Files/alu.vhd Line: 39
    Info (12023): Found entity 1: alu File: C:/Users/Mateus Batista/Desktop/FPGA006_WR_Files/alu.vhd Line: 25
Info (12021): Found 2 design units, including 1 entities, in source file modulo.vhd
    Info (12022): Found design unit 1: modulo-func File: C:/Users/Mateus Batista/Desktop/FPGA006_WR_Files/modulo.vhd Line: 16
    Info (12023): Found entity 1: modulo File: C:/Users/Mateus Batista/Desktop/FPGA006_WR_Files/modulo.vhd Line: 7
Info (12021): Found 2 design units, including 1 entities, in source file mais.vhd
    Info (12022): Found design unit 1: mais-safe File: C:/Users/Mateus Batista/Desktop/FPGA006_WR_Files/mais.vhd Line: 15
    Info (12023): Found entity 1: mais File: C:/Users/Mateus Batista/Desktop/FPGA006_WR_Files/mais.vhd Line: 8
Info (12021): Found 2 design units, including 1 entities, in source file menos.vhd
    Info (12022): Found design unit 1: menos-sate File: C:/Users/Mateus Batista/Desktop/FPGA006_WR_Files/menos.vhd Line: 21
    Info (12023): Found entity 1: menos File: C:/Users/Mateus Batista/Desktop/FPGA006_WR_Files/menos.vhd Line: 14
Info (12021): Found 2 design units, including 1 entities, in source file maiorque.vhd
    Info (12022): Found design unit 1: maiorque-mec File: C:/Users/Mateus Batista/Desktop/FPGA006_WR_Files/maiorque.vhd Line: 18
    Info (12023): Found entity 1: maiorque File: C:/Users/Mateus Batista/Desktop/FPGA006_WR_Files/maiorque.vhd Line: 11
Info (12021): Found 2 design units, including 1 entities, in source file mima.vhd
    Info (12022): Found design unit 1: mima-labor File: C:/Users/Mateus Batista/Desktop/FPGA006_WR_Files/mima.vhd Line: 16
    Info (12023): Found entity 1: mima File: C:/Users/Mateus Batista/Desktop/FPGA006_WR_Files/mima.vhd Line: 9
Info (12021): Found 2 design units, including 1 entities, in source file produto.vhd
    Info (12022): Found design unit 1: produto-trab File: C:/Users/Mateus Batista/Desktop/FPGA006_WR_Files/produto.vhd Line: 18
    Info (12023): Found entity 1: produto File: C:/Users/Mateus Batista/Desktop/FPGA006_WR_Files/produto.vhd Line: 10
Info (12021): Found 2 design units, including 1 entities, in source file subtrai.vhd
    Info (12022): Found design unit 1: subtrai-sate File: C:/Users/Mateus Batista/Desktop/FPGA006_WR_Files/subtrai.vhd Line: 22
    Info (12023): Found entity 1: subtrai File: C:/Users/Mateus Batista/Desktop/FPGA006_WR_Files/subtrai.vhd Line: 14
Info (12127): Elaborating entity "alu" for the top level hierarchy
Warning (10036): Verilog HDL or VHDL warning at alu.vhd(89): object "z" assigned a value but never read File: C:/Users/Mateus Batista/Desktop/FPGA006_WR_Files/alu.vhd Line: 89
Warning (10036): Verilog HDL or VHDL warning at alu.vhd(94): object "s1f" assigned a value but never read File: C:/Users/Mateus Batista/Desktop/FPGA006_WR_Files/alu.vhd Line: 94
Warning (10492): VHDL Process Statement warning at alu.vhd(122): signal "sO" is read inside the Process Statement but isn't in the Process Statement's sensitivity list File: C:/Users/Mateus Batista/Desktop/FPGA006_WR_Files/alu.vhd Line: 122
Warning (10492): VHDL Process Statement warning at alu.vhd(122): signal "over" is read inside the Process Statement but isn't in the Process Statement's sensitivity list File: C:/Users/Mateus Batista/Desktop/FPGA006_WR_Files/alu.vhd Line: 122
Warning (10492): VHDL Process Statement warning at alu.vhd(123): signal "s1" is read inside the Process Statement but isn't in the Process Statement's sensitivity list File: C:/Users/Mateus Batista/Desktop/FPGA006_WR_Files/alu.vhd Line: 123
Warning (10492): VHDL Process Statement warning at alu.vhd(123): signal "s7flow" is read inside the Process Statement but isn't in the Process Statement's sensitivity list File: C:/Users/Mateus Batista/Desktop/FPGA006_WR_Files/alu.vhd Line: 123
Warning (10492): VHDL Process Statement warning at alu.vhd(124): signal "s3min" is read inside the Process Statement but isn't in the Process Statement's sensitivity list File: C:/Users/Mateus Batista/Desktop/FPGA006_WR_Files/alu.vhd Line: 124
Warning (10492): VHDL Process Statement warning at alu.vhd(125): signal "s3max" is read inside the Process Statement but isn't in the Process Statement's sensitivity list File: C:/Users/Mateus Batista/Desktop/FPGA006_WR_Files/alu.vhd Line: 125
Warning (10492): VHDL Process Statement warning at alu.vhd(126): signal "s5" is read inside the Process Statement but isn't in the Process Statement's sensitivity list File: C:/Users/Mateus Batista/Desktop/FPGA006_WR_Files/alu.vhd Line: 126
Warning (10492): VHDL Process Statement warning at alu.vhd(127): signal "s5" is read inside the Process Statement but isn't in the Process Statement's sensitivity list File: C:/Users/Mateus Batista/Desktop/FPGA006_WR_Files/alu.vhd Line: 127
Warning (10492): VHDL Process Statement warning at alu.vhd(128): signal "s7" is read inside the Process Statement but isn't in the Process Statement's sensitivity list File: C:/Users/Mateus Batista/Desktop/FPGA006_WR_Files/alu.vhd Line: 128
Warning (10492): VHDL Process Statement warning at alu.vhd(128): signal "s7flow" is read inside the Process Statement but isn't in the Process Statement's sensitivity list File: C:/Users/Mateus Batista/Desktop/FPGA006_WR_Files/alu.vhd Line: 128
Warning (10492): VHDL Process Statement warning at alu.vhd(129): signal "s8" is read inside the Process Statement but isn't in the Process Statement's sensitivity list File: C:/Users/Mateus Batista/Desktop/FPGA006_WR_Files/alu.vhd Line: 129
Warning (10492): VHDL Process Statement warning at alu.vhd(129): signal "s8flow" is read inside the Process Statement but isn't in the Process Statement's sensitivity list File: C:/Users/Mateus Batista/Desktop/FPGA006_WR_Files/alu.vhd Line: 129
Info (12128): Elaborating entity "adder_4_bits" for hierarchy "adder_4_bits:x0" File: C:/Users/Mateus Batista/Desktop/FPGA006_WR_Files/alu.vhd Line: 107
Info (12128): Elaborating entity "som_1a" for hierarchy "adder_4_bits:x0|som_1a:x0" File: C:/Users/Mateus Batista/Desktop/FPGA006_WR_Files/adder_4_bits.vhd Line: 25
Info (12128): Elaborating entity "subtrai" for hierarchy "subtrai:x1" File: C:/Users/Mateus Batista/Desktop/FPGA006_WR_Files/alu.vhd Line: 108
Warning (10036): Verilog HDL or VHDL warning at subtrai.vhd(33): object "lixo" assigned a value but never read File: C:/Users/Mateus Batista/Desktop/FPGA006_WR_Files/subtrai.vhd Line: 33
Info (12128): Elaborating entity "mima" for hierarchy "mima:x3" File: C:/Users/Mateus Batista/Desktop/FPGA006_WR_Files/alu.vhd Line: 109
Info (12128): Elaborating entity "maiorque" for hierarchy "mima:x3|maiorque:x" File: C:/Users/Mateus Batista/Desktop/FPGA006_WR_Files/mima.vhd Line: 28
Info (12128): Elaborating entity "menos" for hierarchy "mima:x3|maiorque:x|menos:x0" File: C:/Users/Mateus Batista/Desktop/FPGA006_WR_Files/maiorque.vhd Line: 42
Info (12128): Elaborating entity "mais" for hierarchy "mima:x3|maiorque:x|mais:x1" File: C:/Users/Mateus Batista/Desktop/FPGA006_WR_Files/maiorque.vhd Line: 43
Info (12128): Elaborating entity "modulo" for hierarchy "modulo:x7" File: C:/Users/Mateus Batista/Desktop/FPGA006_WR_Files/alu.vhd Line: 111
Warning (10036): Verilog HDL or VHDL warning at modulo.vhd(25): object "over" assigned a value but never read File: C:/Users/Mateus Batista/Desktop/FPGA006_WR_Files/modulo.vhd Line: 25
Warning (10036): Verilog HDL or VHDL warning at modulo.vhd(26): object "z" assigned a value but never read File: C:/Users/Mateus Batista/Desktop/FPGA006_WR_Files/modulo.vhd Line: 26
Info (12128): Elaborating entity "produto" for hierarchy "produto:x8" File: C:/Users/Mateus Batista/Desktop/FPGA006_WR_Files/alu.vhd Line: 112
Warning (10631): VHDL Process Statement warning at produto.vhd(40): inferring latch(es) for signal or variable "s", which holds its previous value in one or more paths through the process File: C:/Users/Mateus Batista/Desktop/FPGA006_WR_Files/produto.vhd Line: 40
Info (10041): Inferred latch for "s[0]" at produto.vhd(40) File: C:/Users/Mateus Batista/Desktop/FPGA006_WR_Files/produto.vhd Line: 40
Info (10041): Inferred latch for "s[1]" at produto.vhd(40) File: C:/Users/Mateus Batista/Desktop/FPGA006_WR_Files/produto.vhd Line: 40
Info (10041): Inferred latch for "s[2]" at produto.vhd(40) File: C:/Users/Mateus Batista/Desktop/FPGA006_WR_Files/produto.vhd Line: 40
Info (10041): Inferred latch for "s[3]" at produto.vhd(40) File: C:/Users/Mateus Batista/Desktop/FPGA006_WR_Files/produto.vhd Line: 40
Info (10041): Inferred latch for "s[4]" at produto.vhd(40) File: C:/Users/Mateus Batista/Desktop/FPGA006_WR_Files/produto.vhd Line: 40
Warning (13046): Tri-state node(s) do not directly drive top-level pin(s)
    Warning (13049): Converted tri-state buffer "saida[0]" feeding internal logic into a wire File: C:/Users/Mateus Batista/Desktop/FPGA006_WR_Files/alu.vhd Line: 87
    Warning (13049): Converted tri-state buffer "saida[1]" feeding internal logic into a wire File: C:/Users/Mateus Batista/Desktop/FPGA006_WR_Files/alu.vhd Line: 87
    Warning (13049): Converted tri-state buffer "saida[2]" feeding internal logic into a wire File: C:/Users/Mateus Batista/Desktop/FPGA006_WR_Files/alu.vhd Line: 87
    Warning (13049): Converted tri-state buffer "saida[3]" feeding internal logic into a wire File: C:/Users/Mateus Batista/Desktop/FPGA006_WR_Files/alu.vhd Line: 87
    Warning (13049): Converted tri-state buffer "saida[4]" feeding internal logic into a wire File: C:/Users/Mateus Batista/Desktop/FPGA006_WR_Files/alu.vhd Line: 87
Warning (13024): Output pins are stuck at VCC or GND
    Warning (13410): Pin "display1[0]" is stuck at GND File: C:/Users/Mateus Batista/Desktop/FPGA006_WR_Files/alu.vhd Line: 30
    Warning (13410): Pin "display1[4]" is stuck at VCC File: C:/Users/Mateus Batista/Desktop/FPGA006_WR_Files/alu.vhd Line: 30
    Warning (13410): Pin "display1[5]" is stuck at VCC File: C:/Users/Mateus Batista/Desktop/FPGA006_WR_Files/alu.vhd Line: 30
Info (286030): Timing-Driven Synthesis is running
Info (16010): Generating hard_block partition "hard_block:auto_generated_inst"
    Info (16011): Adding 0 node(s), including 0 DDIO, 0 PLL, 0 transceiver and 0 LCELL
Info (21057): Implemented 84 device resources after synthesis - the final resource count might be different
    Info (21058): Implemented 13 input pins
    Info (21059): Implemented 17 output pins
    Info (21061): Implemented 54 logic cells
Info: Quartus Prime Analysis & Synthesis was successful. 0 errors, 29 warnings
    Info: Peak virtual memory: 4838 megabytes
    Info: Processing ended: Fri Oct 01 00:35:23 2021
    Info: Elapsed time: 00:00:10
    Info: Total CPU time (on all processors): 00:00:22


